2014-09-22 04:07:57,789 INFO  [Log] **************************************************************************************** 
2014-09-22 04:07:57,789 INFO  [Log] **************************************************************************************** 
2014-09-22 04:07:57,789 INFO  [Log] $$$$$$$$$$$$$$$$$$$$$                 LogIn_01       $$$$$$$$$$$$$$$$$$$$$$$$$ 
2014-09-22 04:07:57,789 INFO  [Log] **************************************************************************************** 
2014-09-22 04:07:57,789 INFO  [Log] **************************************************************************************** 
2014-09-22 04:07:57,791 ERROR [Log] Class Utils | Method getCellData | Exception desc : null 
2014-09-22 04:07:57,793 INFO  [Log] Opening Browser 
2014-09-22 04:08:05,443 INFO  [Log] Mozilla browser started 
2014-09-22 04:08:05,472 INFO  [Log] XXXXXXXXXXXXXXXXXXXXXXX             -E---N---D-             XXXXXXXXXXXXXXXXXXXXXX 
2014-09-22 04:08:05,472 INFO  [Log] X 
2014-09-22 04:08:05,472 INFO  [Log] X 
2014-09-22 04:08:05,472 INFO  [Log] X 
2014-09-22 04:08:05,472 INFO  [Log] X 
2016-07-13 12:35:36,308 ERROR [Log] Class Utils | Method getRowCount | Exception desc : null 
2016-07-13 12:38:01,949 INFO  [Log] **************************************************************************************** 
2016-07-13 12:38:01,950 INFO  [Log] **************************************************************************************** 
2016-07-13 12:38:01,950 INFO  [Log] $$$$$$$$$$$$$$$$$$$$$                 LogIn_01       $$$$$$$$$$$$$$$$$$$$$$$$$ 
2016-07-13 12:38:01,950 INFO  [Log] **************************************************************************************** 
2016-07-13 12:38:01,950 INFO  [Log] **************************************************************************************** 
2016-07-13 12:38:01,952 ERROR [Log] Class Utils | Method getCellData | Exception desc : null 
2016-07-13 12:38:01,954 INFO  [Log] Opening Browser 
2016-07-13 12:38:48,670 INFO  [Log] Not able to open the Browser --- Failed to connect to binary FirefoxBinary(C:\Program Files\Mozilla Firefox\firefox.exe) on port 7055; process output follows: 
4474-a285-3208198ce6fd}","syncGUID":"QHiMeE2Mmu9J","location":"app-global","version":"47.0.1","type":"theme","internalName":"classic/1.0","updateURL":null,"updateKey":null,"optionsURL":null,"optionsType":null,"aboutURL":null,"icons":{"32":"icon.png","48":"icon.png"},"iconURL":null,"icon64URL":null,"defaultLocale":{"name":"Default","description":"The default theme.","creator":"Mozilla","homepageURL":null,"contributors":["Mozilla Contributors"]},"visible":true,"active":true,"userDisabled":false,"appDisabled":false,"descriptor":"C:\\Program Files\\Mozilla Firefox\\browser\\extensions\\{972ce4c6-7e08-4474-a285-3208198ce6fd}.xpi","installDate":1466736750000,"updateDate":1466736750000,"applyBackgroundUpdates":1,"skinnable":true,"size":22012,"sourceURI":null,"releaseNotesURI":null,"softDisabled":false,"foreignInstall":false,"hasBinaryComponents":false,"strictCompatibility":true,"locales":[],"targetApplications":[{"id":"{ec8030f7-c20a-464f-9b0e-13a3a9e97384}","minVersion":"47.0.1","maxVersion":"47.0.1"}],"targetPlatforms":[],"seen":true}
1468393683839	addons.xpi	DEBUG	getModTime: Recursive scan of {972ce4c6-7e08-4474-a285-3208198ce6fd}
1468393683840	DeferredSave.extensions.json	DEBUG	Save changes
1468393683840	addons.xpi	DEBUG	Updating database with changes to installed add-ons
1468393683840	addons.xpi-utils	DEBUG	Updating add-on states
1468393683841	addons.xpi-utils	DEBUG	Writing add-ons list
1468393683843	addons.xpi	DEBUG	Registering manifest for C:\Program Files\Mozilla Firefox\browser\features\e10srollout@mozilla.org.xpi
1468393683844	addons.xpi	DEBUG	Calling bootstrap method startup on e10srollout@mozilla.org version 1.0
1468393683844	addons.xpi	DEBUG	Registering manifest for C:\Program Files\Mozilla Firefox\browser\features\firefox@getpocket.com.xpi
1468393683844	addons.xpi	DEBUG	Calling bootstrap method startup on firefox@getpocket.com version 1.0.2
1468393683845	addons.xpi	DEBUG	Registering manifest for C:\Program Files\Mozilla Firefox\browser\features\loop@mozilla.org.xpi
1468393683846	addons.xpi	DEBUG	Calling bootstrap method startup on loop@mozilla.org version 1.3.2
1468393683865	addons.manager	DEBUG	Registering shutdown blocker for XPIProvider
1468393683865	addons.manager	DEBUG	Provider finished startup: XPIProvider
1468393683865	addons.manager	DEBUG	Starting provider: LightweightThemeManager
1468393683865	addons.manager	DEBUG	Registering shutdown blocker for LightweightThemeManager
1468393683866	addons.manager	DEBUG	Provider finished startup: LightweightThemeManager
1468393683866	addons.manager	DEBUG	Starting provider: GMPProvider
1468393683872	addons.manager	DEBUG	Registering shutdown blocker for GMPProvider
1468393683872	addons.manager	DEBUG	Provider finished startup: GMPProvider
1468393683872	addons.manager	DEBUG	Starting provider: PluginProvider
1468393683873	addons.manager	DEBUG	Registering shutdown blocker for PluginProvider
1468393683873	addons.manager	DEBUG	Provider finished startup: PluginProvider
1468393683873	addons.manager	DEBUG	Completed startup sequence
1468393685718	addons.manager	DEBUG	Starting provider: <unnamed-provider>
1468393685719	addons.manager	DEBUG	Registering shutdown blocker for <unnamed-provider>
1468393685719	addons.manager	DEBUG	Provider finished startup: <unnamed-provider>
1468393685720	DeferredSave.extensions.json	DEBUG	Starting write
1468393685986	addons.repository	DEBUG	No addons.json found.
1468393685986	DeferredSave.addons.json	DEBUG	Save changes
1468393685992	DeferredSave.addons.json	DEBUG	Starting timer
1468393686014	addons.manager	DEBUG	Starting provider: PreviousExperimentProvider
1468393686014	addons.manager	DEBUG	Registering shutdown blocker for PreviousExperimentProvider
1468393686014	addons.manager	DEBUG	Provider finished startup: PreviousExperimentProvider
1468393686017	DeferredSave.extensions.json	DEBUG	Write succeeded
1468393686018	addons.xpi-utils	DEBUG	XPI Database saved, setting schema version preference to 17
1468393686069	DeferredSave.addons.json	DEBUG	Starting write
1468393686135	DeferredSave.addons.json	DEBUG	Write succeeded

Build info: version: '2.53.0', revision: '35ae25b', time: '2016-03-15 16:57:40'
System info: host: 'Aarush-PC', ip: '192.168.56.1', os.name: 'Windows 7', os.arch: 'amd64', os.version: '6.1', java.version: '1.8.0_20'
Driver info: driver.version: FirefoxDriver 
2016-07-13 12:38:49,700 INFO  [Log] Closing the browser 
2016-07-13 12:38:49,700 ERROR [Log] Not able to Close the Browser --- null 
2016-07-13 12:38:49,764 INFO  [Log] XXXXXXXXXXXXXXXXXXXXXXX             -E---N---D-             XXXXXXXXXXXXXXXXXXXXXX 
2016-07-13 12:38:49,764 INFO  [Log] X 
2016-07-13 12:38:49,765 INFO  [Log] X 
2016-07-13 12:38:49,765 INFO  [Log] X 
2016-07-13 12:38:49,765 INFO  [Log] X 
2016-07-13 13:17:10,978 INFO  [Log] **************************************************************************************** 
2016-07-13 13:17:10,978 INFO  [Log] **************************************************************************************** 
2016-07-13 13:17:10,978 INFO  [Log] $$$$$$$$$$$$$$$$$$$$$                 LogIn_01       $$$$$$$$$$$$$$$$$$$$$$$$$ 
2016-07-13 13:17:10,978 INFO  [Log] **************************************************************************************** 
2016-07-13 13:17:10,978 INFO  [Log] **************************************************************************************** 
2016-07-13 13:17:10,980 ERROR [Log] Class Utils | Method getCellData | Exception desc : null 
2016-07-13 13:17:10,981 INFO  [Log] Opening Browser 
2016-07-13 13:17:17,302 INFO  [Log] Mozilla browser started 
2016-07-13 13:17:17,470 INFO  [Log] Navigating to URL 
2016-07-13 13:17:33,066 INFO  [Log] Clicking on Webelement btn_MyAccount 
2016-07-13 13:17:33,368 INFO  [Log] Entering the text in txtbx_UserName 
2016-07-13 13:17:35,911 INFO  [Log] Entering the text in txtbx_Password 
2016-07-13 13:17:36,781 INFO  [Log] Clicking on Webelement btn_LogIn 
2016-07-13 13:17:37,085 INFO  [Log] Wait for 5 seconds 
2016-07-13 13:17:42,146 INFO  [Log] Clicking on Webelement btn_LogOut 
2016-07-13 13:17:53,057 ERROR [Log] Not able to click --- Error communicating with the remote browser. It may have died.
Build info: version: '2.53.1', revision: 'a36b8b1', time: '2016-06-30 17:32:46'
System info: host: 'Aarush-PC', ip: '192.168.56.1', os.name: 'Windows 7', os.arch: 'amd64', os.version: '6.1', java.version: '1.8.0_20'
Driver info: driver.version: RemoteWebDriver
Capabilities [{applicationCacheEnabled=true, rotatable=false, handlesAlerts=true, databaseEnabled=true, version=47.0.1, platform=WINDOWS, nativeEvents=false, acceptSslCerts=true, webStorageEnabled=true, locationContextEnabled=true, browserName=firefox, takesScreenshot=true, javascriptEnabled=true, cssSelectorsEnabled=true}]
Session ID: 5787a125-5452-4eb1-bb34-e6d1fde24f35 
2016-07-13 13:17:53,135 INFO  [Log] Closing the browser 
2016-07-13 13:17:54,439 ERROR [Log] Not able to Close the Browser --- Error communicating with the remote browser. It may have died.
Build info: version: '2.53.1', revision: 'a36b8b1', time: '2016-06-30 17:32:46'
System info: host: 'Aarush-PC', ip: '192.168.56.1', os.name: 'Windows 7', os.arch: 'amd64', os.version: '6.1', java.version: '1.8.0_20'
Driver info: driver.version: RemoteWebDriver
Capabilities [{applicationCacheEnabled=true, rotatable=false, handlesAlerts=true, databaseEnabled=true, version=47.0.1, platform=WINDOWS, nativeEvents=false, acceptSslCerts=true, webStorageEnabled=true, locationContextEnabled=true, browserName=firefox, takesScreenshot=true, javascriptEnabled=true, cssSelectorsEnabled=true}]
Session ID: 5787a125-5452-4eb1-bb34-e6d1fde24f35 
2016-07-13 13:17:54,483 INFO  [Log] XXXXXXXXXXXXXXXXXXXXXXX             -E---N---D-             XXXXXXXXXXXXXXXXXXXXXX 
2016-07-13 13:17:54,483 INFO  [Log] X 
2016-07-13 13:17:54,483 INFO  [Log] X 
2016-07-13 13:17:54,483 INFO  [Log] X 
2016-07-13 13:17:54,483 INFO  [Log] X 
